Using pre-set license
Built from '2020.3/staging' branch; Version is '2020.3.3f1 (76626098c1c4) revision 7758432'; Using compiler version '192528614'; Build Type 'Release'
OS: 'Windows 10 Pro; OS build 18363.1440; Version 1909; 64bit' Language: 'es' Physical Memory: 16313 MB
BatchMode: 1, IsHumanControllingUs: 0, StartBugReporterOnCrash: 0, Is64bit: 1, IsPro: 0

 COMMAND LINE ARGUMENTS:
A:\Unity\2020.3.3f1\Editor\Unity.exe
-adb2
-batchMode
-noUpm
-name
AssetImportWorker0
-projectPath
C:/Users/rey_m/Desktop/Tareas/Unity/torreta
-logFile
Logs/AssetImportWorker0.log
-srvPort
54259
Successfully changed project path to: C:/Users/rey_m/Desktop/Tareas/Unity/torreta
C:/Users/rey_m/Desktop/Tareas/Unity/torreta
Using Asset Import Pipeline V2.
Refreshing native plugins compatible for Editor in 25.51 ms, found 0 plugins.
Preloading 0 native plugins for Editor in 0.00 ms.
Initialize engine version: 2020.3.3f1 (76626098c1c4)
[Subsystems] Discovering subsystems at path A:/Unity/2020.3.3f1/Editor/Data/Resources/UnitySubsystems
[Subsystems] Discovering subsystems at path C:/Users/rey_m/Desktop/Tareas/Unity/torreta/Assets
GfxDevice: creating device client; threaded=0
Direct3D:
    Version:  Direct3D 11.0 [level 11.1]
    Renderer: NVIDIA GeForce GTX 1080 Ti (ID=0x1b06)
    Vendor:   
    VRAM:     11127 MB
    Driver:   27.21.14.6611
Initialize mono
Mono path[0] = 'A:/Unity/2020.3.3f1/Editor/Data/Managed'
Mono path[1] = 'A:/Unity/2020.3.3f1/Editor/Data/MonoBleedingEdge/lib/mono/unityjit'
Mono config path = 'A:/Unity/2020.3.3f1/Editor/Data/MonoBleedingEdge/etc'
Using monoOptions --debugger-agent=transport=dt_socket,embedding=1,server=y,suspend=n,address=127.0.0.1:56772
Begin MonoManager ReloadAssembly
Registering precompiled unity dll's ...
Register platform support module: A:/Unity/2020.3.3f1/Editor/Data/PlaybackEngines/WindowsStandaloneSupport/UnityEditor.WindowsStandalone.Extensions.dll
Registered in 0.001217 seconds.
Native extension for WindowsStandalone target not found
Refreshing native plugins compatible for Editor in 25.52 ms, found 0 plugins.
Preloading 0 native plugins for Editor in 0.00 ms.
Invoked RoslynAnalysisRunner static constructor.
RoslynAnalysisRunner will not be running.
RoslynAnalysisRunner has terminated.
Mono: successfully reloaded assembly
- Completed reload, in  1.261 seconds
Platform modules already initialized, skipping
Registering precompiled user dll's ...
Registered in 0.001290 seconds.
Begin MonoManager ReloadAssembly
Native extension for WindowsStandalone target not found
Refreshing native plugins compatible for Editor in 0.19 ms, found 0 plugins.
Preloading 0 native plugins for Editor in 0.00 ms.
Invoked RoslynAnalysisRunner static constructor.
RoslynAnalysisRunner will not be running.
RoslynAnalysisRunner has terminated.
Mono: successfully reloaded assembly
- Completed reload, in  0.920 seconds
Platform modules already initialized, skipping
========================================================================
Worker process is ready to serve import requests
Launched and connected shader compiler UnityShaderCompiler.exe after 0.05 seconds
Refreshing native plugins compatible for Editor in 0.26 ms, found 0 plugins.
Preloading 0 native plugins for Editor in 0.00 ms.
Unloading 1118 Unused Serialized files (Serialized files now loaded: 0)
System memory in use before: 69.1 MB.
System memory in use after: 69.2 MB.

Unloading 10 unused Assets to reduce memory usage. Loaded Objects now: 1574.
Total: 2.715200 ms (FindLiveObjects: 0.240000 ms CreateObjectMapping: 0.086800 ms MarkObjects: 2.256600 ms  DeleteObjects: 0.130900 ms)

========================================================================
Received Import Request.
  path: Packages/com.unity.textmeshpro/package.json
  artifactKey: Guid(220e9325710f4235a43492dd1ee4980d) Importer(815301076,1909f56bfc062723c751e8b465ee728b)
Start importing Packages/com.unity.textmeshpro/package.json using Guid(220e9325710f4235a43492dd1ee4980d) Importer(815301076,1909f56bfc062723c751e8b465ee728b)  -> (artifact id: 'c9119f0fd161d92f7007f10e51875bd3') in 0.062517 seconds
  Import took 0.064675 seconds .

========================================================================
Received Import Request.
  Time since last request: 95.228486 seconds.
  path: Assets/Scripts/TorretAi.cs
  artifactKey: Guid(fe9978da6e29fc345bc9a324d14655e2) Importer(815301076,1909f56bfc062723c751e8b465ee728b)
Start importing Assets/Scripts/TorretAi.cs using Guid(fe9978da6e29fc345bc9a324d14655e2) Importer(815301076,1909f56bfc062723c751e8b465ee728b)  -> (artifact id: '97fe0ca240afc2444225040879e8bdb1') in 0.014238 seconds
  Import took 0.016611 seconds .

========================================================================
Received Import Request.
  Time since last request: 67.994032 seconds.
  path: Assets/Scripts/TorretAi.cs
  artifactKey: Guid(fe9978da6e29fc345bc9a324d14655e2) Importer(815301076,1909f56bfc062723c751e8b465ee728b)
Start importing Assets/Scripts/TorretAi.cs using Guid(fe9978da6e29fc345bc9a324d14655e2) Importer(815301076,1909f56bfc062723c751e8b465ee728b)  -> (artifact id: '9ad15bd40f3412558f48c33f27ea2638') in 0.003174 seconds
  Import took 0.006044 seconds .

========================================================================
Received Import Request.
  Time since last request: 21.730287 seconds.
  path: Assets/Scripts/TorretAi.cs
  artifactKey: Guid(fe9978da6e29fc345bc9a324d14655e2) Importer(815301076,1909f56bfc062723c751e8b465ee728b)
Start importing Assets/Scripts/TorretAi.cs using Guid(fe9978da6e29fc345bc9a324d14655e2) Importer(815301076,1909f56bfc062723c751e8b465ee728b)  -> (artifact id: '92876cb94df1b9cd48903dfeaaf3ce89') in 0.004654 seconds
  Import took 0.009047 seconds .

========================================================================
Received Import Request.
  Time since last request: 50.768428 seconds.
  path: Assets/Scripts/TorretAi.cs
  artifactKey: Guid(fe9978da6e29fc345bc9a324d14655e2) Importer(815301076,1909f56bfc062723c751e8b465ee728b)
Start importing Assets/Scripts/TorretAi.cs using Guid(fe9978da6e29fc345bc9a324d14655e2) Importer(815301076,1909f56bfc062723c751e8b465ee728b)  -> (artifact id: 'ac2e3ba249af6d09ac512de063f7e74c') in 0.002371 seconds
  Import took 0.005144 seconds .

========================================================================
Received Prepare
Registering precompiled user dll's ...
Registered in 0.000837 seconds.
Begin MonoManager ReloadAssembly
Native extension for WindowsStandalone target not found
Refreshing native plugins compatible for Editor in 0.20 ms, found 0 plugins.
Preloading 0 native plugins for Editor in 0.00 ms.
Invoked RoslynAnalysisRunner static constructor.
RoslynAnalysisRunner will not be running.
RoslynAnalysisRunner has terminated.
Mono: successfully reloaded assembly
- Completed reload, in  0.816 seconds
Platform modules already initialized, skipping
Refreshing native plugins compatible for Editor in 0.19 ms, found 0 plugins.
Preloading 0 native plugins for Editor in 0.00 ms.
Unloading 1113 Unused Serialized files (Serialized files now loaded: 0)
System memory in use before: 69.1 MB.
System memory in use after: 69.2 MB.

Unloading 5 unused Assets to reduce memory usage. Loaded Objects now: 1577.
Total: 1.913600 ms (FindLiveObjects: 0.153000 ms CreateObjectMapping: 0.028200 ms MarkObjects: 1.634700 ms  DeleteObjects: 0.097100 ms)

========================================================================
Received Prepare
Registering precompiled user dll's ...
Registered in 0.000799 seconds.
Begin MonoManager ReloadAssembly
Native extension for WindowsStandalone target not found
Refreshing native plugins compatible for Editor in 0.20 ms, found 0 plugins.
Preloading 0 native plugins for Editor in 0.00 ms.
Invoked RoslynAnalysisRunner static constructor.
RoslynAnalysisRunner will not be running.
RoslynAnalysisRunner has terminated.
Mono: successfully reloaded assembly
- Completed reload, in  0.824 seconds
Platform modules already initialized, skipping
Refreshing native plugins compatible for Editor in 0.20 ms, found 0 plugins.
Preloading 0 native plugins for Editor in 0.00 ms.
Unloading 1113 Unused Serialized files (Serialized files now loaded: 0)
System memory in use before: 69.2 MB.
System memory in use after: 69.2 MB.

Unloading 5 unused Assets to reduce memory usage. Loaded Objects now: 1580.
Total: 2.146900 ms (FindLiveObjects: 0.153700 ms CreateObjectMapping: 0.043300 ms MarkObjects: 1.804000 ms  DeleteObjects: 0.144400 ms)

========================================================================
Received Import Request.
  Time since last request: 62.961401 seconds.
  path: Assets/Scripts/EnemyAi.cs
  artifactKey: Guid(8c4450f23c63e8e4b9afcc0f9eff4e65) Importer(815301076,1909f56bfc062723c751e8b465ee728b)
Start importing Assets/Scripts/EnemyAi.cs using Guid(8c4450f23c63e8e4b9afcc0f9eff4e65) Importer(815301076,1909f56bfc062723c751e8b465ee728b)  -> (artifact id: 'ae44da7320797187232a599d2c314c4f') in 0.014065 seconds
  Import took 0.016644 seconds .

========================================================================
Received Prepare
Registering precompiled user dll's ...
Registered in 0.000875 seconds.
Begin MonoManager ReloadAssembly
Native extension for WindowsStandalone target not found
Refreshing native plugins compatible for Editor in 0.19 ms, found 0 plugins.
Preloading 0 native plugins for Editor in 0.00 ms.
Invoked RoslynAnalysisRunner static constructor.
RoslynAnalysisRunner will not be running.
RoslynAnalysisRunner has terminated.
Mono: successfully reloaded assembly
- Completed reload, in  0.796 seconds
Platform modules already initialized, skipping
Refreshing native plugins compatible for Editor in 0.19 ms, found 0 plugins.
Preloading 0 native plugins for Editor in 0.00 ms.
Unloading 1113 Unused Serialized files (Serialized files now loaded: 0)
System memory in use before: 69.2 MB.
System memory in use after: 69.2 MB.

Unloading 5 unused Assets to reduce memory usage. Loaded Objects now: 1583.
Total: 1.697600 ms (FindLiveObjects: 0.133000 ms CreateObjectMapping: 0.030700 ms MarkObjects: 1.448100 ms  DeleteObjects: 0.085200 ms)

========================================================================
Received Import Request.
  Time since last request: 67.195168 seconds.
  path: Assets/Scripts/BaseProjectile.cs
  artifactKey: Guid(a2af174704a9d0444b7a450f8264c929) Importer(815301076,1909f56bfc062723c751e8b465ee728b)
Start importing Assets/Scripts/BaseProjectile.cs using Guid(a2af174704a9d0444b7a450f8264c929) Importer(815301076,1909f56bfc062723c751e8b465ee728b)  -> (artifact id: '7b6d71d68d0380c146a4881640abc195') in 0.014088 seconds
  Import took 0.016522 seconds .

========================================================================
Received Prepare
Registering precompiled user dll's ...
Registered in 0.000884 seconds.
Begin MonoManager ReloadAssembly
Native extension for WindowsStandalone target not found
Refreshing native plugins compatible for Editor in 0.19 ms, found 0 plugins.
Preloading 0 native plugins for Editor in 0.00 ms.
Invoked RoslynAnalysisRunner static constructor.
RoslynAnalysisRunner will not be running.
RoslynAnalysisRunner has terminated.
Mono: successfully reloaded assembly
- Completed reload, in  0.874 seconds
Platform modules already initialized, skipping
Refreshing native plugins compatible for Editor in 0.30 ms, found 0 plugins.
Preloading 0 native plugins for Editor in 0.00 ms.
Unloading 1114 Unused Serialized files (Serialized files now loaded: 0)
System memory in use before: 69.2 MB.
System memory in use after: 69.3 MB.

Unloading 5 unused Assets to reduce memory usage. Loaded Objects now: 1587.
Total: 2.240200 ms (FindLiveObjects: 0.144900 ms CreateObjectMapping: 0.037600 ms MarkObjects: 1.962300 ms  DeleteObjects: 0.094400 ms)

========================================================================
Received Prepare
Registering precompiled user dll's ...
Registered in 0.000950 seconds.
Begin MonoManager ReloadAssembly
Native extension for WindowsStandalone target not found
Refreshing native plugins compatible for Editor in 0.35 ms, found 0 plugins.
Preloading 0 native plugins for Editor in 0.00 ms.
Invoked RoslynAnalysisRunner static constructor.
RoslynAnalysisRunner will not be running.
RoslynAnalysisRunner has terminated.
Mono: successfully reloaded assembly
- Completed reload, in  0.838 seconds
Platform modules already initialized, skipping
Refreshing native plugins compatible for Editor in 0.19 ms, found 0 plugins.
Preloading 0 native plugins for Editor in 0.00 ms.
Unloading 1114 Unused Serialized files (Serialized files now loaded: 0)
System memory in use before: 69.2 MB.
System memory in use after: 69.3 MB.

Unloading 5 unused Assets to reduce memory usage. Loaded Objects now: 1590.
Total: 1.986300 ms (FindLiveObjects: 0.218400 ms CreateObjectMapping: 0.049900 ms MarkObjects: 1.658200 ms  DeleteObjects: 0.058800 ms)

========================================================================
Received Import Request.
  Time since last request: 23.874622 seconds.
  path: Assets/Scripts/BaseProjectile.cs
  artifactKey: Guid(a2af174704a9d0444b7a450f8264c929) Importer(815301076,1909f56bfc062723c751e8b465ee728b)
Start importing Assets/Scripts/BaseProjectile.cs using Guid(a2af174704a9d0444b7a450f8264c929) Importer(815301076,1909f56bfc062723c751e8b465ee728b)  -> (artifact id: '1b84fe2070e151f9a64012d44ffe0167') in 0.004936 seconds
  Import took 0.007881 seconds .

========================================================================
Received Import Request.
  Time since last request: 7.946390 seconds.
  path: Assets/Scripts/NormalProjectile.cs
  artifactKey: Guid(7ea75c0d419b6fb4aa9e6be0cd9def06) Importer(815301076,1909f56bfc062723c751e8b465ee728b)
Start importing Assets/Scripts/NormalProjectile.cs using Guid(7ea75c0d419b6fb4aa9e6be0cd9def06) Importer(815301076,1909f56bfc062723c751e8b465ee728b)  -> (artifact id: '72c48fc1025dfe047a7d6333202ae8d7') in 0.011709 seconds
  Import took 0.016830 seconds .

========================================================================
Received Import Request.
  Time since last request: 0.002694 seconds.
  path: Assets/Scripts/NormalProjectile.cs
  artifactKey: Guid(7ea75c0d419b6fb4aa9e6be0cd9def06) Importer(815301076,1909f56bfc062723c751e8b465ee728b)
Start importing Assets/Scripts/NormalProjectile.cs using Guid(7ea75c0d419b6fb4aa9e6be0cd9def06) Importer(815301076,1909f56bfc062723c751e8b465ee728b)  -> (artifact id: '72c48fc1025dfe047a7d6333202ae8d7') in 0.003391 seconds
  Import took 0.005927 seconds .

========================================================================
Received Prepare
Registering precompiled user dll's ...
Registered in 0.000702 seconds.
Begin MonoManager ReloadAssembly
Native extension for WindowsStandalone target not found
Refreshing native plugins compatible for Editor in 0.22 ms, found 0 plugins.
Preloading 0 native plugins for Editor in 0.00 ms.
Invoked RoslynAnalysisRunner static constructor.
RoslynAnalysisRunner will not be running.
RoslynAnalysisRunner has terminated.
Mono: successfully reloaded assembly
- Completed reload, in  0.787 seconds
Platform modules already initialized, skipping
Refreshing native plugins compatible for Editor in 0.20 ms, found 0 plugins.
Preloading 0 native plugins for Editor in 0.00 ms.
Unloading 1115 Unused Serialized files (Serialized files now loaded: 0)
System memory in use before: 69.2 MB.
System memory in use after: 69.3 MB.

Unloading 5 unused Assets to reduce memory usage. Loaded Objects now: 1594.
Total: 1.875400 ms (FindLiveObjects: 0.205900 ms CreateObjectMapping: 0.032600 ms MarkObjects: 1.515900 ms  DeleteObjects: 0.120300 ms)

========================================================================
Received Import Request.
  Time since last request: 78.766309 seconds.
  path: Assets/Scripts/TrackingProjectile.cs
  artifactKey: Guid(bdd99804930e04b4ca98f60c3409d804) Importer(815301076,1909f56bfc062723c751e8b465ee728b)
Start importing Assets/Scripts/TrackingProjectile.cs using Guid(bdd99804930e04b4ca98f60c3409d804) Importer(815301076,1909f56bfc062723c751e8b465ee728b)  -> (artifact id: '8872be4235f542b065e531a03904e21b') in 0.013134 seconds
  Import took 0.015334 seconds .

========================================================================
Received Import Request.
  Time since last request: 0.020478 seconds.
  path: Assets/Scripts/TrackingProjectile.cs
  artifactKey: Guid(bdd99804930e04b4ca98f60c3409d804) Importer(815301076,1909f56bfc062723c751e8b465ee728b)
Start importing Assets/Scripts/TrackingProjectile.cs using Guid(bdd99804930e04b4ca98f60c3409d804) Importer(815301076,1909f56bfc062723c751e8b465ee728b)  -> (artifact id: '8872be4235f542b065e531a03904e21b') in 0.003933 seconds
  Import took 0.007187 seconds .

========================================================================
Received Import Request.
  Time since last request: 22.767782 seconds.
  path: Assets/Scripts/TrackingProjectile.cs
  artifactKey: Guid(bdd99804930e04b4ca98f60c3409d804) Importer(815301076,1909f56bfc062723c751e8b465ee728b)
Start importing Assets/Scripts/TrackingProjectile.cs using Guid(bdd99804930e04b4ca98f60c3409d804) Importer(815301076,1909f56bfc062723c751e8b465ee728b)  -> (artifact id: '0a0a942373c3b830e88d02c2fb07ea21') in 0.002501 seconds
  Import took 0.005341 seconds .

========================================================================
Received Import Request.
  Time since last request: 18.647881 seconds.
  path: Assets/Scripts/BeamProjectile.cs
  artifactKey: Guid(81dac7b00bc78a74180dfda436efcaa8) Importer(815301076,1909f56bfc062723c751e8b465ee728b)
Start importing Assets/Scripts/BeamProjectile.cs using Guid(81dac7b00bc78a74180dfda436efcaa8) Importer(815301076,1909f56bfc062723c751e8b465ee728b)  -> (artifact id: '7db2ef6aae037fe723674eabed6f7551') in 0.012443 seconds
  Import took 0.014528 seconds .

========================================================================
Received Import Request.
  Time since last request: 0.003196 seconds.
  path: Assets/Scripts/BeamProjectile.cs
  artifactKey: Guid(81dac7b00bc78a74180dfda436efcaa8) Importer(815301076,1909f56bfc062723c751e8b465ee728b)
Start importing Assets/Scripts/BeamProjectile.cs using Guid(81dac7b00bc78a74180dfda436efcaa8) Importer(815301076,1909f56bfc062723c751e8b465ee728b)  -> (artifact id: '7db2ef6aae037fe723674eabed6f7551') in 0.003181 seconds
  Import took 0.006700 seconds .

========================================================================
Received Import Request.
  Time since last request: 30.933858 seconds.
  path: Assets/Scripts/BeamProjectile.cs
  artifactKey: Guid(81dac7b00bc78a74180dfda436efcaa8) Importer(815301076,1909f56bfc062723c751e8b465ee728b)
Start importing Assets/Scripts/BeamProjectile.cs using Guid(81dac7b00bc78a74180dfda436efcaa8) Importer(815301076,1909f56bfc062723c751e8b465ee728b)  -> (artifact id: '57a97a6943beb08e2c9f315eca0e0ef4') in 0.002410 seconds
  Import took 0.004758 seconds .

========================================================================
Received Import Request.
  Time since last request: 5.242937 seconds.
  path: Assets/Scripts/ShootingSystem.cs
  artifactKey: Guid(c87a38f221c384d42b6da3f40905af77) Importer(815301076,1909f56bfc062723c751e8b465ee728b)
Start importing Assets/Scripts/ShootingSystem.cs using Guid(c87a38f221c384d42b6da3f40905af77) Importer(815301076,1909f56bfc062723c751e8b465ee728b)  -> (artifact id: '7a6125759629d6a98eb8d2b98d2119f5') in 0.015309 seconds
  Import took 0.017783 seconds .

========================================================================
Received Import Request.
  Time since last request: 0.000464 seconds.
  path: Assets/Scripts/ShootingSystem.cs
  artifactKey: Guid(c87a38f221c384d42b6da3f40905af77) Importer(815301076,1909f56bfc062723c751e8b465ee728b)
Start importing Assets/Scripts/ShootingSystem.cs using Guid(c87a38f221c384d42b6da3f40905af77) Importer(815301076,1909f56bfc062723c751e8b465ee728b)  -> (artifact id: '7a6125759629d6a98eb8d2b98d2119f5') in 0.003030 seconds
  Import took 0.005359 seconds .

========================================================================
Received Import Request.
  Time since last request: 36.787455 seconds.
  path: Assets/Scripts/ShootingSystem.cs
  artifactKey: Guid(c87a38f221c384d42b6da3f40905af77) Importer(815301076,1909f56bfc062723c751e8b465ee728b)
Start importing Assets/Scripts/ShootingSystem.cs using Guid(c87a38f221c384d42b6da3f40905af77) Importer(815301076,1909f56bfc062723c751e8b465ee728b)  -> (artifact id: '33b32ad9f4450bd550fc64262a56c03f') in 0.002556 seconds
  Import took 0.004847 seconds .

========================================================================
Received Import Request.
  Time since last request: 5.732979 seconds.
  path: Assets/Scripts/RangeChecker.cs
  artifactKey: Guid(a8755674a44981d4e8319cc065b902bf) Importer(815301076,1909f56bfc062723c751e8b465ee728b)
Start importing Assets/Scripts/RangeChecker.cs using Guid(a8755674a44981d4e8319cc065b902bf) Importer(815301076,1909f56bfc062723c751e8b465ee728b)  -> (artifact id: 'aec1acced4e52ec2f760de35aed55e53') in 0.015018 seconds
  Import took 0.017643 seconds .

========================================================================
Received Import Request.
  Time since last request: 0.001383 seconds.
  path: Assets/Scripts/RangeChecker.cs
  artifactKey: Guid(a8755674a44981d4e8319cc065b902bf) Importer(815301076,1909f56bfc062723c751e8b465ee728b)
Start importing Assets/Scripts/RangeChecker.cs using Guid(a8755674a44981d4e8319cc065b902bf) Importer(815301076,1909f56bfc062723c751e8b465ee728b)  -> (artifact id: 'aec1acced4e52ec2f760de35aed55e53') in 0.002998 seconds
  Import took 0.006125 seconds .

========================================================================
Received Import Request.
  Time since last request: 33.187725 seconds.
  path: Assets/Scripts/RangeChecker.cs
  artifactKey: Guid(a8755674a44981d4e8319cc065b902bf) Importer(815301076,1909f56bfc062723c751e8b465ee728b)
Start importing Assets/Scripts/RangeChecker.cs using Guid(a8755674a44981d4e8319cc065b902bf) Importer(815301076,1909f56bfc062723c751e8b465ee728b)  -> (artifact id: '6fafa72e0b63c9a0d021d11392b6460c') in 0.005653 seconds
  Import took 0.009157 seconds .

========================================================================
Received Import Request.
  Time since last request: 21.850451 seconds.
  path: Assets/Scripts/TurretAi.cs
  artifactKey: Guid(3d3c8ab69eca74f4eac16d4f74341c82) Importer(815301076,1909f56bfc062723c751e8b465ee728b)
Start importing Assets/Scripts/TurretAi.cs using Guid(3d3c8ab69eca74f4eac16d4f74341c82) Importer(815301076,1909f56bfc062723c751e8b465ee728b)  -> (artifact id: '4036c3631cd57dfa45a93d47b51f928a') in 0.014657 seconds
  Import took 0.017900 seconds .

========================================================================
Received Import Request.
  Time since last request: 27.823922 seconds.
  path: Assets/Scripts/TurretAi.cs
  artifactKey: Guid(3d3c8ab69eca74f4eac16d4f74341c82) Importer(815301076,1909f56bfc062723c751e8b465ee728b)
Start importing Assets/Scripts/TurretAi.cs using Guid(3d3c8ab69eca74f4eac16d4f74341c82) Importer(815301076,1909f56bfc062723c751e8b465ee728b)  -> (artifact id: '5603172bee92b2994afe1f178dfc60c1') in 0.002850 seconds
  Import took 0.006167 seconds .

========================================================================
Received Import Request.
  Time since last request: 24.933855 seconds.
  path: Assets/Scripts/MessageHandler.cs
  artifactKey: Guid(e7350d9ec38bb3a42be094f30fc799aa) Importer(815301076,1909f56bfc062723c751e8b465ee728b)
Start importing Assets/Scripts/MessageHandler.cs using Guid(e7350d9ec38bb3a42be094f30fc799aa) Importer(815301076,1909f56bfc062723c751e8b465ee728b)  -> (artifact id: '55ce91eff10be37de5f1a76ec3736e7f') in 0.013235 seconds
  Import took 0.015177 seconds .

========================================================================
Received Import Request.
  Time since last request: 47.488994 seconds.
  path: Assets/Scripts/MessageHandler.cs
  artifactKey: Guid(e7350d9ec38bb3a42be094f30fc799aa) Importer(815301076,1909f56bfc062723c751e8b465ee728b)
Start importing Assets/Scripts/MessageHandler.cs using Guid(e7350d9ec38bb3a42be094f30fc799aa) Importer(815301076,1909f56bfc062723c751e8b465ee728b)  -> (artifact id: '7ad12c78a459301ee6003b77c74f2c62') in 0.003111 seconds
  Import took 0.006131 seconds .

========================================================================
Received Import Request.
  Time since last request: 14.660550 seconds.
  path: Assets/Scripts/Health.cs
  artifactKey: Guid(d310dfe7933afec41ab8cb28fe5f1351) Importer(815301076,1909f56bfc062723c751e8b465ee728b)
Start importing Assets/Scripts/Health.cs using Guid(d310dfe7933afec41ab8cb28fe5f1351) Importer(815301076,1909f56bfc062723c751e8b465ee728b)  -> (artifact id: 'b785014ebba5ffebd2edca9279ee2f91') in 0.014802 seconds
  Import took 0.018401 seconds .

========================================================================
Received Import Request.
  Time since last request: 23.733843 seconds.
  path: Assets/Scripts/Health.cs
  artifactKey: Guid(d310dfe7933afec41ab8cb28fe5f1351) Importer(815301076,1909f56bfc062723c751e8b465ee728b)
Start importing Assets/Scripts/Health.cs using Guid(d310dfe7933afec41ab8cb28fe5f1351) Importer(815301076,1909f56bfc062723c751e8b465ee728b)  -> (artifact id: '51689cb8ddd13d4224fd1530a1828dd8') in 0.002424 seconds
  Import took 0.004538 seconds .

========================================================================
Received Import Request.
  Time since last request: 4.308067 seconds.
  path: Assets/Scripts/HealthUi.cs
  artifactKey: Guid(12a44f65c6e26b547a1c9cb067b29879) Importer(815301076,1909f56bfc062723c751e8b465ee728b)
Start importing Assets/Scripts/HealthUi.cs using Guid(12a44f65c6e26b547a1c9cb067b29879) Importer(815301076,1909f56bfc062723c751e8b465ee728b)  -> (artifact id: 'f3084ee2044bba5ad124e8d9132fddc7') in 0.014491 seconds
  Import took 0.017431 seconds .

========================================================================
Received Import Request.
  Time since last request: 19.304317 seconds.
  path: Assets/Scripts/HealthUi.cs
  artifactKey: Guid(12a44f65c6e26b547a1c9cb067b29879) Importer(815301076,1909f56bfc062723c751e8b465ee728b)
Start importing Assets/Scripts/HealthUi.cs using Guid(12a44f65c6e26b547a1c9cb067b29879) Importer(815301076,1909f56bfc062723c751e8b465ee728b)  -> (artifact id: '521a7958b8e3c87b81678523789ef691') in 0.003570 seconds
  Import took 0.006726 seconds .

========================================================================
Received Import Request.
  Time since last request: 12.448094 seconds.
  path: Assets/Scripts/Death.cs
  artifactKey: Guid(ab3b020924e9bff41b79f0d859f88c9c) Importer(815301076,1909f56bfc062723c751e8b465ee728b)
Start importing Assets/Scripts/Death.cs using Guid(ab3b020924e9bff41b79f0d859f88c9c) Importer(815301076,1909f56bfc062723c751e8b465ee728b)  -> (artifact id: 'a3bd6226e911f0fc4ace0ec57a4c155a') in 0.013660 seconds
  Import took 0.016533 seconds .

========================================================================
Received Import Request.
  Time since last request: 0.002834 seconds.
  path: Assets/Scripts/Death.cs
  artifactKey: Guid(ab3b020924e9bff41b79f0d859f88c9c) Importer(815301076,1909f56bfc062723c751e8b465ee728b)
Start importing Assets/Scripts/Death.cs using Guid(ab3b020924e9bff41b79f0d859f88c9c) Importer(815301076,1909f56bfc062723c751e8b465ee728b)  -> (artifact id: 'a3bd6226e911f0fc4ace0ec57a4c155a') in 0.003210 seconds
  Import took 0.007456 seconds .

========================================================================
Received Import Request.
  Time since last request: 22.829651 seconds.
  path: Assets/Scripts/Death.cs
  artifactKey: Guid(ab3b020924e9bff41b79f0d859f88c9c) Importer(815301076,1909f56bfc062723c751e8b465ee728b)
Start importing Assets/Scripts/Death.cs using Guid(ab3b020924e9bff41b79f0d859f88c9c) Importer(815301076,1909f56bfc062723c751e8b465ee728b)  -> (artifact id: '2b0ada69dcfafdd7b08950b81440fdcd') in 0.002618 seconds
  Import took 0.005295 seconds .

========================================================================
Received Import Request.
  Time since last request: 557.262303 seconds.
  path: Assets/NewBehaviourScript.cs
  artifactKey: Guid(82ce7e6dfb069464d8f462c68bdf75eb) Importer(815301076,1909f56bfc062723c751e8b465ee728b)
Start importing Assets/NewBehaviourScript.cs using Guid(82ce7e6dfb069464d8f462c68bdf75eb) Importer(815301076,1909f56bfc062723c751e8b465ee728b)  -> (artifact id: 'e41e282f7336ea3fcd43a7d5727689df') in 0.009749 seconds
  Import took 0.012183 seconds .

========================================================================
Received Import Request.
  Time since last request: 0.000708 seconds.
  path: Assets/NewBehaviourScript.cs
  artifactKey: Guid(82ce7e6dfb069464d8f462c68bdf75eb) Importer(815301076,1909f56bfc062723c751e8b465ee728b)
Start importing Assets/NewBehaviourScript.cs using Guid(82ce7e6dfb069464d8f462c68bdf75eb) Importer(815301076,1909f56bfc062723c751e8b465ee728b)  -> (artifact id: 'e41e282f7336ea3fcd43a7d5727689df') in 0.002247 seconds
  Import took 0.004791 seconds .

========================================================================
Received Import Request.
  Time since last request: 3.201972 seconds.
  path: Assets/ShootingSystem.cs
  artifactKey: Guid(82ce7e6dfb069464d8f462c68bdf75eb) Importer(815301076,1909f56bfc062723c751e8b465ee728b)
Start importing Assets/ShootingSystem.cs using Guid(82ce7e6dfb069464d8f462c68bdf75eb) Importer(815301076,1909f56bfc062723c751e8b465ee728b)  -> (artifact id: 'f7d82d095897acebd5d2132a6671bf76') in 0.002587 seconds
  Import took 0.004568 seconds .

========================================================================
Received Import Request.
  Time since last request: 382.993757 seconds.
  path: Assets/Prefab
  artifactKey: Guid(aee462463ebd33f4c96fa35291495fb8) Importer(815301076,1909f56bfc062723c751e8b465ee728b)
Start importing Assets/Prefab using Guid(aee462463ebd33f4c96fa35291495fb8) Importer(815301076,1909f56bfc062723c751e8b465ee728b)  -> (artifact id: '6ff5b1c9db38dbee7550b31dc173acf3') in 0.013116 seconds
  Import took 0.015890 seconds .

========================================================================
Received Import Request.
  Time since last request: 13.047527 seconds.
  path: Assets/Prefab/ProjectileA.prefab
  artifactKey: Guid(d11d5b63bff7a7848b8a5530d3b29a74) Importer(815301076,1909f56bfc062723c751e8b465ee728b)
Start importing Assets/Prefab/ProjectileA.prefab using Guid(d11d5b63bff7a7848b8a5530d3b29a74) Importer(815301076,1909f56bfc062723c751e8b465ee728b)  -> (artifact id: '58ad3e2b7a8155fbbf8358a8c35bc1cd') in 0.115695 seconds
  Import took 0.117808 seconds .

========================================================================
Received Import Request.
  Time since last request: 26.578532 seconds.
  path: Assets/Prefab/ProjectileA.prefab
  artifactKey: Guid(d11d5b63bff7a7848b8a5530d3b29a74) Importer(815301076,1909f56bfc062723c751e8b465ee728b)
Start importing Assets/Prefab/ProjectileA.prefab using Guid(d11d5b63bff7a7848b8a5530d3b29a74) Importer(815301076,1909f56bfc062723c751e8b465ee728b)  -> (artifact id: '56b285139e7b282af4a4ad62bff356af') in 0.010217 seconds
  Import took 0.012505 seconds .

========================================================================
Received Import Request.
  Time since last request: 9.680501 seconds.
  path: Assets/Prefab/ProjectileA.prefab
  artifactKey: Guid(d11d5b63bff7a7848b8a5530d3b29a74) Importer(815301076,1909f56bfc062723c751e8b465ee728b)
Start importing Assets/Prefab/ProjectileA.prefab using Guid(d11d5b63bff7a7848b8a5530d3b29a74) Importer(815301076,1909f56bfc062723c751e8b465ee728b)  -> (artifact id: 'ab42b432058bd1617573dc22267013e0') in 0.009467 seconds
  Import took 0.012150 seconds .

========================================================================
Received Import Request.
  Time since last request: 0.001545 seconds.
  path: Assets/Prefab/ProjectileA.prefab
  artifactKey: Guid(d11d5b63bff7a7848b8a5530d3b29a74) Importer(815301076,1909f56bfc062723c751e8b465ee728b)
Start importing Assets/Prefab/ProjectileA.prefab using Guid(d11d5b63bff7a7848b8a5530d3b29a74) Importer(815301076,1909f56bfc062723c751e8b465ee728b)  -> (artifact id: 'ab42b432058bd1617573dc22267013e0') in 0.010967 seconds
  Import took 0.013640 seconds .

========================================================================
Received Import Request.
  Time since last request: 95.146642 seconds.
  path: Assets/NewBehaviourScript.cs
  artifactKey: Guid(f1c72bc30189f1b4f806a24fc62ed3d0) Importer(815301076,1909f56bfc062723c751e8b465ee728b)
Start importing Assets/NewBehaviourScript.cs using Guid(f1c72bc30189f1b4f806a24fc62ed3d0) Importer(815301076,1909f56bfc062723c751e8b465ee728b)  -> (artifact id: '692a7985a26ef675d88201499f8a1e5a') in 0.002278 seconds
  Import took 0.004498 seconds .

========================================================================
Received Import Request.
  Time since last request: 0.001130 seconds.
  path: Assets/NewBehaviourScript.cs
  artifactKey: Guid(f1c72bc30189f1b4f806a24fc62ed3d0) Importer(815301076,1909f56bfc062723c751e8b465ee728b)
Start importing Assets/NewBehaviourScript.cs using Guid(f1c72bc30189f1b4f806a24fc62ed3d0) Importer(815301076,1909f56bfc062723c751e8b465ee728b)  -> (artifact id: '692a7985a26ef675d88201499f8a1e5a') in 0.002798 seconds
  Import took 0.004848 seconds .

========================================================================
Received Import Request.
  Time since last request: 3.496370 seconds.
  path: Assets/TrackingProjectile.cs
  artifactKey: Guid(f1c72bc30189f1b4f806a24fc62ed3d0) Importer(815301076,1909f56bfc062723c751e8b465ee728b)
Start importing Assets/TrackingProjectile.cs using Guid(f1c72bc30189f1b4f806a24fc62ed3d0) Importer(815301076,1909f56bfc062723c751e8b465ee728b)  -> (artifact id: 'ac77a2eb7987a29eb61741998bd1005b') in 0.002298 seconds
  Import took 0.004406 seconds .

========================================================================
Received Import Request.
  Time since last request: 93.853517 seconds.
  path: Assets/Prefab/ProjectileB.prefab
  artifactKey: Guid(d045672e50f31d54eafc9be97432fa0a) Importer(815301076,1909f56bfc062723c751e8b465ee728b)
Start importing Assets/Prefab/ProjectileB.prefab using Guid(d045672e50f31d54eafc9be97432fa0a) Importer(815301076,1909f56bfc062723c751e8b465ee728b)  -> (artifact id: '084420b497e6102e27c610a21873ec51') in 0.026911 seconds
  Import took 0.029597 seconds .

========================================================================
Received Import Request.
  Time since last request: 106.118231 seconds.
  path: Assets/Prefab/ProjectileB.prefab
  artifactKey: Guid(d045672e50f31d54eafc9be97432fa0a) Importer(815301076,1909f56bfc062723c751e8b465ee728b)
Start importing Assets/Prefab/ProjectileB.prefab using Guid(d045672e50f31d54eafc9be97432fa0a) Importer(815301076,1909f56bfc062723c751e8b465ee728b)  -> (artifact id: '885fa60567099a6e6f6b0c91e2c5547a') in 0.028802 seconds
  Import took 0.031255 seconds .

========================================================================
Received Import Request.
  Time since last request: 42.165415 seconds.
  path: Assets/Prefab/ProjectileA.prefab
  artifactKey: Guid(d11d5b63bff7a7848b8a5530d3b29a74) Importer(815301076,1909f56bfc062723c751e8b465ee728b)
Start importing Assets/Prefab/ProjectileA.prefab using Guid(d11d5b63bff7a7848b8a5530d3b29a74) Importer(815301076,1909f56bfc062723c751e8b465ee728b)  -> (artifact id: '5ef6f81e041b8bbd905810f269591041') in 0.009989 seconds
  Import took 0.013260 seconds .

========================================================================
Received Import Request.
  Time since last request: 8.971611 seconds.
  path: Assets/asdasd.cs
  artifactKey: Guid(d2a11ce9dc623394c837bbf26db70d00) Importer(815301076,1909f56bfc062723c751e8b465ee728b)
Start importing Assets/asdasd.cs using Guid(d2a11ce9dc623394c837bbf26db70d00) Importer(815301076,1909f56bfc062723c751e8b465ee728b)  -> (artifact id: '70545c9a78b35dde416ce90ae8c9ce2f') in 0.013281 seconds
  Import took 0.015798 seconds .

========================================================================
Received Import Request.
  Time since last request: 3.487401 seconds.
  path: Assets/NewBehaviourScript.cs
  artifactKey: Guid(61976c9fcf0f9f34987b58f36bcf4fe5) Importer(815301076,1909f56bfc062723c751e8b465ee728b)
Start importing Assets/NewBehaviourScript.cs using Guid(61976c9fcf0f9f34987b58f36bcf4fe5) Importer(815301076,1909f56bfc062723c751e8b465ee728b)  -> (artifact id: '61d3a5dfce9c72521e7d3c826ad6aeaf') in 0.003126 seconds
  Import took 0.005877 seconds .

========================================================================
Received Import Request.
  Time since last request: 257.668582 seconds.
  path: Assets/Scripts/TrackingSystem.cs
  artifactKey: Guid(1d230858ca8111044bdc59281e603076) Importer(815301076,1909f56bfc062723c751e8b465ee728b)
Start importing Assets/Scripts/TrackingSystem.cs using Guid(1d230858ca8111044bdc59281e603076) Importer(815301076,1909f56bfc062723c751e8b465ee728b)  -> (artifact id: 'b72a6775fd25aef3b63df135fdf62080') in 0.013062 seconds
  Import took 0.016651 seconds .

========================================================================
Received Import Request.
  Time since last request: 17.777536 seconds.
  path: Assets/Scripts/TrackingSystem.cs
  artifactKey: Guid(1d230858ca8111044bdc59281e603076) Importer(815301076,1909f56bfc062723c751e8b465ee728b)
Start importing Assets/Scripts/TrackingSystem.cs using Guid(1d230858ca8111044bdc59281e603076) Importer(815301076,1909f56bfc062723c751e8b465ee728b)  -> (artifact id: 'c7b7a766eb692091732031d27f191e98') in 0.003803 seconds
  Import took 0.006529 seconds .

========================================================================
Received Import Request.
  Time since last request: 1104.861218 seconds.
  path: Assets/Scripts/TrackingSystem.cs
  artifactKey: Guid(1d230858ca8111044bdc59281e603076) Importer(815301076,1909f56bfc062723c751e8b465ee728b)
Start importing Assets/Scripts/TrackingSystem.cs using Guid(1d230858ca8111044bdc59281e603076) Importer(815301076,1909f56bfc062723c751e8b465ee728b)  -> (artifact id: '1ed186eae622ade2f67d045ead6be44a') in 0.002726 seconds
  Import took 0.005765 seconds .

========================================================================
Received Import Request.
  Time since last request: 17.453031 seconds.
  path: Assets/Scripts/TrackingSystem.cs
  artifactKey: Guid(1d230858ca8111044bdc59281e603076) Importer(815301076,1909f56bfc062723c751e8b465ee728b)
Start importing Assets/Scripts/TrackingSystem.cs using Guid(1d230858ca8111044bdc59281e603076) Importer(815301076,1909f56bfc062723c751e8b465ee728b)  -> (artifact id: 'f543ec639b36e0240f472245efde2900') in 0.003077 seconds
  Import took 0.006444 seconds .

========================================================================
Received Import Request.
  Time since last request: 23.235483 seconds.
  path: Assets/Scripts/TrackingSystem.cs
  artifactKey: Guid(1d230858ca8111044bdc59281e603076) Importer(815301076,1909f56bfc062723c751e8b465ee728b)
Start importing Assets/Scripts/TrackingSystem.cs using Guid(1d230858ca8111044bdc59281e603076) Importer(815301076,1909f56bfc062723c751e8b465ee728b)  -> (artifact id: 'c7aea8c4bff671008677d8c0f61b4aa8') in 0.002952 seconds
  Import took 0.005556 seconds .

========================================================================
Received Import Request.
  Time since last request: 86.705166 seconds.
  path: Assets/Scripts/TrackingSystem.cs
  artifactKey: Guid(1d230858ca8111044bdc59281e603076) Importer(815301076,1909f56bfc062723c751e8b465ee728b)
Start importing Assets/Scripts/TrackingSystem.cs using Guid(1d230858ca8111044bdc59281e603076) Importer(815301076,1909f56bfc062723c751e8b465ee728b)  -> (artifact id: '6c2188d9a7502f167d2636a6220e9529') in 0.003073 seconds
  Import took 0.006118 seconds .

========================================================================
Received Import Request.
  Time since last request: 41.812455 seconds.
  path: Assets/Scripts/TrackingSystem.cs
  artifactKey: Guid(1d230858ca8111044bdc59281e603076) Importer(815301076,1909f56bfc062723c751e8b465ee728b)
Start importing Assets/Scripts/TrackingSystem.cs using Guid(1d230858ca8111044bdc59281e603076) Importer(815301076,1909f56bfc062723c751e8b465ee728b)  -> (artifact id: '85b0d5336657ba4e409b63d736c95aa8') in 0.004062 seconds
  Import took 0.006643 seconds .

========================================================================
Received Prepare
Registering precompiled user dll's ...
Registered in 0.001024 seconds.
Begin MonoManager ReloadAssembly
Native extension for WindowsStandalone target not found
Refreshing native plugins compatible for Editor in 0.25 ms, found 0 plugins.
Preloading 0 native plugins for Editor in 0.00 ms.
Invoked RoslynAnalysisRunner static constructor.
RoslynAnalysisRunner will not be running.
RoslynAnalysisRunner has terminated.
Mono: successfully reloaded assembly
- Completed reload, in  0.823 seconds
Platform modules already initialized, skipping
Refreshing native plugins compatible for Editor in 0.27 ms, found 0 plugins.
Preloading 0 native plugins for Editor in 0.00 ms.
Unloading 1124 Unused Serialized files (Serialized files now loaded: 0)
System memory in use before: 72.6 MB.
System memory in use after: 72.7 MB.

Unloading 6 unused Assets to reduce memory usage. Loaded Objects now: 1614.
Total: 2.115000 ms (FindLiveObjects: 0.193500 ms CreateObjectMapping: 0.033300 ms MarkObjects: 1.787400 ms  DeleteObjects: 0.099900 ms)

========================================================================
Received Import Request.
  Time since last request: 57.988625 seconds.
  path: Assets/Scripts/TrackingSystem.cs
  artifactKey: Guid(1d230858ca8111044bdc59281e603076) Importer(815301076,1909f56bfc062723c751e8b465ee728b)
Start importing Assets/Scripts/TrackingSystem.cs using Guid(1d230858ca8111044bdc59281e603076) Importer(815301076,1909f56bfc062723c751e8b465ee728b)  -> (artifact id: '6bfce93ea499d9243fdf6a15e844755a') in 0.004501 seconds
  Import took 0.006742 seconds .

========================================================================
Received Prepare
Registering precompiled user dll's ...
Registered in 0.000782 seconds.
Begin MonoManager ReloadAssembly
Native extension for WindowsStandalone target not found
Refreshing native plugins compatible for Editor in 0.19 ms, found 0 plugins.
Preloading 0 native plugins for Editor in 0.00 ms.
Invoked RoslynAnalysisRunner static constructor.
RoslynAnalysisRunner will not be running.
RoslynAnalysisRunner has terminated.
Mono: successfully reloaded assembly
- Completed reload, in  1.028 seconds
Platform modules already initialized, skipping
Refreshing native plugins compatible for Editor in 0.27 ms, found 0 plugins.
Preloading 0 native plugins for Editor in 0.00 ms.
Unloading 1124 Unused Serialized files (Serialized files now loaded: 0)
System memory in use before: 72.6 MB.
System memory in use after: 72.7 MB.

Unloading 5 unused Assets to reduce memory usage. Loaded Objects now: 1617.
Total: 1.978500 ms (FindLiveObjects: 0.182300 ms CreateObjectMapping: 0.031600 ms MarkObjects: 1.700700 ms  DeleteObjects: 0.063000 ms)

========================================================================
Received Import Request.
  Time since last request: 215.994886 seconds.
  path: Assets/Prefab/ProjectileA.prefab
  artifactKey: Guid(d11d5b63bff7a7848b8a5530d3b29a74) Importer(815301076,1909f56bfc062723c751e8b465ee728b)
Start importing Assets/Prefab/ProjectileA.prefab using Guid(d11d5b63bff7a7848b8a5530d3b29a74) Importer(815301076,1909f56bfc062723c751e8b465ee728b)  -> (artifact id: 'cd8883f5e7c93424ad7f4dbef126c773') in 0.086343 seconds
  Import took 0.088828 seconds .

========================================================================
Received Import Request.
  Time since last request: 85.567443 seconds.
  path: Assets/Prefab/ProjectileB.prefab
  artifactKey: Guid(d045672e50f31d54eafc9be97432fa0a) Importer(815301076,1909f56bfc062723c751e8b465ee728b)
Start importing Assets/Prefab/ProjectileB.prefab using Guid(d045672e50f31d54eafc9be97432fa0a) Importer(815301076,1909f56bfc062723c751e8b465ee728b)  -> (artifact id: 'e969f8a47c6f1c073b65e45276be3726') in 0.026257 seconds
  Import took 0.029091 seconds .

========================================================================
Received Import Request.
  Time since last request: 234.524587 seconds.
  path: Assets/Materials/New Material.mat
  artifactKey: Guid(4fea0a711c7e999479baa62afe7a0415) Importer(815301076,1909f56bfc062723c751e8b465ee728b)
Start importing Assets/Materials/New Material.mat using Guid(4fea0a711c7e999479baa62afe7a0415) Importer(815301076,1909f56bfc062723c751e8b465ee728b)  -> (artifact id: 'c7333bbb3f6548a004721e089f7875ab') in 0.053903 seconds
  Import took 0.056553 seconds .

========================================================================
Received Import Request.
  Time since last request: 341.965022 seconds.
  path: Assets/Prefab/ProjectileC.prefab
  artifactKey: Guid(5d2f6e4ffacaaeb4a858b07dc5e06c27) Importer(815301076,1909f56bfc062723c751e8b465ee728b)
Start importing Assets/Prefab/ProjectileC.prefab using Guid(5d2f6e4ffacaaeb4a858b07dc5e06c27) Importer(815301076,1909f56bfc062723c751e8b465ee728b)  -> (artifact id: '0c7d6016371546c250f9eff0c1fcdf52') in 0.016974 seconds
  Import took 0.019664 seconds .

========================================================================
Received Import Request.
  Time since last request: 0.001925 seconds.
  path: Assets/Prefab/ProjectileC.prefab
  artifactKey: Guid(5d2f6e4ffacaaeb4a858b07dc5e06c27) Importer(815301076,1909f56bfc062723c751e8b465ee728b)
Start importing Assets/Prefab/ProjectileC.prefab using Guid(5d2f6e4ffacaaeb4a858b07dc5e06c27) Importer(815301076,1909f56bfc062723c751e8b465ee728b)  -> (artifact id: '0c7d6016371546c250f9eff0c1fcdf52') in 0.003951 seconds
  Import took 0.006300 seconds .

========================================================================
Received Prepare
Registering precompiled user dll's ...
Registered in 0.001331 seconds.
Begin MonoManager ReloadAssembly
Native extension for WindowsStandalone target not found
Refreshing native plugins compatible for Editor in 0.34 ms, found 0 plugins.
Preloading 0 native plugins for Editor in 0.00 ms.
Invoked RoslynAnalysisRunner static constructor.
RoslynAnalysisRunner will not be running.
RoslynAnalysisRunner has terminated.
Mono: successfully reloaded assembly
- Completed reload, in  1.037 seconds
Platform modules already initialized, skipping
Refreshing native plugins compatible for Editor in 0.37 ms, found 0 plugins.
Preloading 0 native plugins for Editor in 0.00 ms.
Unloading 1124 Unused Serialized files (Serialized files now loaded: 0)
System memory in use before: 72.9 MB.
System memory in use after: 72.9 MB.

Unloading 6 unused Assets to reduce memory usage. Loaded Objects now: 1654.
Total: 2.458900 ms (FindLiveObjects: 0.268200 ms CreateObjectMapping: 0.065600 ms MarkObjects: 2.028900 ms  DeleteObjects: 0.094800 ms)

========================================================================
Received Prepare
Registering precompiled user dll's ...
Registered in 0.000767 seconds.
Begin MonoManager ReloadAssembly
Native extension for WindowsStandalone target not found
Refreshing native plugins compatible for Editor in 0.41 ms, found 0 plugins.
Preloading 0 native plugins for Editor in 0.00 ms.
Invoked RoslynAnalysisRunner static constructor.
RoslynAnalysisRunner will not be running.
RoslynAnalysisRunner has terminated.
Mono: successfully reloaded assembly
- Completed reload, in  0.865 seconds
Platform modules already initialized, skipping
Refreshing native plugins compatible for Editor in 0.23 ms, found 0 plugins.
Preloading 0 native plugins for Editor in 0.00 ms.
Unloading 1124 Unused Serialized files (Serialized files now loaded: 0)
System memory in use before: 72.9 MB.
System memory in use after: 72.9 MB.

Unloading 5 unused Assets to reduce memory usage. Loaded Objects now: 1657.
Total: 2.193200 ms (FindLiveObjects: 0.194400 ms CreateObjectMapping: 0.064100 ms MarkObjects: 1.841600 ms  DeleteObjects: 0.091800 ms)

========================================================================
Received Prepare
Registering precompiled user dll's ...
Registered in 0.001258 seconds.
Begin MonoManager ReloadAssembly
Native extension for WindowsStandalone target not found
Refreshing native plugins compatible for Editor in 0.21 ms, found 0 plugins.
Preloading 0 native plugins for Editor in 0.00 ms.
Invoked RoslynAnalysisRunner static constructor.
RoslynAnalysisRunner will not be running.
RoslynAnalysisRunner has terminated.
Mono: successfully reloaded assembly
- Completed reload, in  0.939 seconds
Platform modules already initialized, skipping
Refreshing native plugins compatible for Editor in 0.19 ms, found 0 plugins.
Preloading 0 native plugins for Editor in 0.00 ms.
Unloading 1124 Unused Serialized files (Serialized files now loaded: 0)
System memory in use before: 72.9 MB.
System memory in use after: 72.9 MB.

Unloading 5 unused Assets to reduce memory usage. Loaded Objects now: 1660.
Total: 2.225200 ms (FindLiveObjects: 0.141200 ms CreateObjectMapping: 0.061600 ms MarkObjects: 1.929900 ms  DeleteObjects: 0.091600 ms)

========================================================================
Received Prepare
Registering precompiled user dll's ...
Registered in 0.000992 seconds.
Begin MonoManager ReloadAssembly
Native extension for WindowsStandalone target not found
Refreshing native plugins compatible for Editor in 0.19 ms, found 0 plugins.
Preloading 0 native plugins for Editor in 0.00 ms.
Invoked RoslynAnalysisRunner static constructor.
RoslynAnalysisRunner will not be running.
RoslynAnalysisRunner has terminated.
Mono: successfully reloaded assembly
- Completed reload, in  0.758 seconds
Platform modules already initialized, skipping
Refreshing native plugins compatible for Editor in 0.20 ms, found 0 plugins.
Preloading 0 native plugins for Editor in 0.00 ms.
Unloading 1124 Unused Serialized files (Serialized files now loaded: 0)
System memory in use before: 72.9 MB.
System memory in use after: 72.9 MB.

Unloading 5 unused Assets to reduce memory usage. Loaded Objects now: 1663.
Total: 1.715300 ms (FindLiveObjects: 0.156800 ms CreateObjectMapping: 0.038600 ms MarkObjects: 1.412100 ms  DeleteObjects: 0.107200 ms)

========================================================================
Received Import Request.
  Time since last request: 2745.611750 seconds.
  path: Assets/Scripts/TrackingSystem.cs
  artifactKey: Guid(1d230858ca8111044bdc59281e603076) Importer(815301076,1909f56bfc062723c751e8b465ee728b)
Start importing Assets/Scripts/TrackingSystem.cs using Guid(1d230858ca8111044bdc59281e603076) Importer(815301076,1909f56bfc062723c751e8b465ee728b)  -> (artifact id: '9e4304ba667c79ce4371952069b4cd7f') in 0.010358 seconds
  Import took 0.012297 seconds .

========================================================================
Received Prepare
Registering precompiled user dll's ...
Registered in 0.001037 seconds.
Begin MonoManager ReloadAssembly
Native extension for WindowsStandalone target not found
Refreshing native plugins compatible for Editor in 0.19 ms, found 0 plugins.
Preloading 0 native plugins for Editor in 0.00 ms.
Invoked RoslynAnalysisRunner static constructor.
RoslynAnalysisRunner will not be running.
RoslynAnalysisRunner has terminated.
Mono: successfully reloaded assembly
- Completed reload, in  0.814 seconds
Platform modules already initialized, skipping
Refreshing native plugins compatible for Editor in 0.23 ms, found 0 plugins.
Preloading 0 native plugins for Editor in 0.00 ms.
Unloading 1124 Unused Serialized files (Serialized files now loaded: 0)
System memory in use before: 72.9 MB.
System memory in use after: 72.9 MB.

Unloading 5 unused Assets to reduce memory usage. Loaded Objects now: 1666.
Total: 2.243200 ms (FindLiveObjects: 0.293100 ms CreateObjectMapping: 0.086800 ms MarkObjects: 1.748100 ms  DeleteObjects: 0.114300 ms)

========================================================================
Received Prepare
Registering precompiled user dll's ...
Registered in 0.001433 seconds.
Begin MonoManager ReloadAssembly
Native extension for WindowsStandalone target not found
Refreshing native plugins compatible for Editor in 0.33 ms, found 0 plugins.
Preloading 0 native plugins for Editor in 0.00 ms.
Invoked RoslynAnalysisRunner static constructor.
RoslynAnalysisRunner will not be running.
RoslynAnalysisRunner has terminated.
Mono: successfully reloaded assembly
- Completed reload, in  1.009 seconds
Platform modules already initialized, skipping
Refreshing native plugins compatible for Editor in 0.42 ms, found 0 plugins.
Preloading 0 native plugins for Editor in 0.00 ms.
Unloading 1124 Unused Serialized files (Serialized files now loaded: 0)
System memory in use before: 72.9 MB.
System memory in use after: 73.0 MB.

Unloading 5 unused Assets to reduce memory usage. Loaded Objects now: 1669.
Total: 1.963900 ms (FindLiveObjects: 0.163800 ms CreateObjectMapping: 0.042900 ms MarkObjects: 1.664400 ms  DeleteObjects: 0.091500 ms)

========================================================================
Received Prepare
Registering precompiled user dll's ...
Registered in 0.000831 seconds.
Begin MonoManager ReloadAssembly
Native extension for WindowsStandalone target not found
Refreshing native plugins compatible for Editor in 0.27 ms, found 0 plugins.
Preloading 0 native plugins for Editor in 0.00 ms.
Invoked RoslynAnalysisRunner static constructor.
RoslynAnalysisRunner will not be running.
RoslynAnalysisRunner has terminated.
Mono: successfully reloaded assembly
- Completed reload, in  0.796 seconds
Platform modules already initialized, skipping
Refreshing native plugins compatible for Editor in 0.20 ms, found 0 plugins.
Preloading 0 native plugins for Editor in 0.00 ms.
Unloading 1123 Unused Serialized files (Serialized files now loaded: 0)
System memory in use before: 72.9 MB.
System memory in use after: 72.9 MB.

Unloading 6 unused Assets to reduce memory usage. Loaded Objects now: 1671.
Total: 2.189400 ms (FindLiveObjects: 0.217900 ms CreateObjectMapping: 0.036600 ms MarkObjects: 1.833900 ms  DeleteObjects: 0.100000 ms)

========================================================================
Received Prepare
Registering precompiled user dll's ...
Registered in 0.000925 seconds.
Begin MonoManager ReloadAssembly
Native extension for WindowsStandalone target not found
Refreshing native plugins compatible for Editor in 0.32 ms, found 0 plugins.
Preloading 0 native plugins for Editor in 0.00 ms.
Invoked RoslynAnalysisRunner static constructor.
RoslynAnalysisRunner will not be running.
RoslynAnalysisRunner has terminated.
Mono: successfully reloaded assembly
- Completed reload, in  0.855 seconds
Platform modules already initialized, skipping
Refreshing native plugins compatible for Editor in 0.23 ms, found 0 plugins.
Preloading 0 native plugins for Editor in 0.00 ms.
Unloading 1123 Unused Serialized files (Serialized files now loaded: 0)
System memory in use before: 72.9 MB.
System memory in use after: 72.9 MB.

Unloading 5 unused Assets to reduce memory usage. Loaded Objects now: 1674.
Total: 1.988000 ms (FindLiveObjects: 0.163400 ms CreateObjectMapping: 0.032400 ms MarkObjects: 1.705400 ms  DeleteObjects: 0.085900 ms)

========================================================================
Received Prepare
Registering precompiled user dll's ...
Registered in 0.000904 seconds.
Begin MonoManager ReloadAssembly
Native extension for WindowsStandalone target not found
Refreshing native plugins compatible for Editor in 0.29 ms, found 0 plugins.
Preloading 0 native plugins for Editor in 0.00 ms.
Invoked RoslynAnalysisRunner static constructor.
RoslynAnalysisRunner will not be running.
RoslynAnalysisRunner has terminated.
Mono: successfully reloaded assembly
- Completed reload, in  0.915 seconds
Platform modules already initialized, skipping
Refreshing native plugins compatible for Editor in 0.19 ms, found 0 plugins.
Preloading 0 native plugins for Editor in 0.00 ms.
Unloading 1123 Unused Serialized files (Serialized files now loaded: 0)
System memory in use before: 72.9 MB.
System memory in use after: 73.0 MB.

Unloading 5 unused Assets to reduce memory usage. Loaded Objects now: 1677.
Total: 1.770400 ms (FindLiveObjects: 0.148700 ms CreateObjectMapping: 0.034100 ms MarkObjects: 1.521900 ms  DeleteObjects: 0.064700 ms)

========================================================================
Received Prepare
Registering precompiled user dll's ...
Registered in 0.000800 seconds.
Begin MonoManager ReloadAssembly
Native extension for WindowsStandalone target not found
Refreshing native plugins compatible for Editor in 0.19 ms, found 0 plugins.
Preloading 0 native plugins for Editor in 0.00 ms.
Invoked RoslynAnalysisRunner static constructor.
RoslynAnalysisRunner will not be running.
RoslynAnalysisRunner has terminated.
Mono: successfully reloaded assembly
- Completed reload, in  0.797 seconds
Platform modules already initialized, skipping
Refreshing native plugins compatible for Editor in 0.22 ms, found 0 plugins.
Preloading 0 native plugins for Editor in 0.00 ms.
Unloading 1123 Unused Serialized files (Serialized files now loaded: 0)
System memory in use before: 72.9 MB.
System memory in use after: 73.0 MB.

Unloading 5 unused Assets to reduce memory usage. Loaded Objects now: 1680.
Total: 2.243600 ms (FindLiveObjects: 0.200200 ms CreateObjectMapping: 0.052000 ms MarkObjects: 1.891000 ms  DeleteObjects: 0.098900 ms)

========================================================================
Received Prepare
Registering precompiled user dll's ...
Registered in 0.000854 seconds.
Begin MonoManager ReloadAssembly
Native extension for WindowsStandalone target not found
Refreshing native plugins compatible for Editor in 0.31 ms, found 0 plugins.
Preloading 0 native plugins for Editor in 0.00 ms.
Invoked RoslynAnalysisRunner static constructor.
RoslynAnalysisRunner will not be running.
RoslynAnalysisRunner has terminated.
Mono: successfully reloaded assembly
- Completed reload, in  0.866 seconds
Platform modules already initialized, skipping
Refreshing native plugins compatible for Editor in 0.22 ms, found 0 plugins.
Preloading 0 native plugins for Editor in 0.00 ms.
Unloading 1123 Unused Serialized files (Serialized files now loaded: 0)
System memory in use before: 72.9 MB.
System memory in use after: 73.0 MB.

Unloading 5 unused Assets to reduce memory usage. Loaded Objects now: 1683.
Total: 2.486900 ms (FindLiveObjects: 0.183900 ms CreateObjectMapping: 0.048500 ms MarkObjects: 2.196100 ms  DeleteObjects: 0.057400 ms)

========================================================================
Received Prepare
Registering precompiled user dll's ...
Registered in 0.000834 seconds.
Begin MonoManager ReloadAssembly
Native extension for WindowsStandalone target not found
Refreshing native plugins compatible for Editor in 0.20 ms, found 0 plugins.
Preloading 0 native plugins for Editor in 0.00 ms.
Invoked RoslynAnalysisRunner static constructor.
RoslynAnalysisRunner will not be running.
RoslynAnalysisRunner has terminated.
Mono: successfully reloaded assembly
- Completed reload, in  0.901 seconds
Platform modules already initialized, skipping
Refreshing native plugins compatible for Editor in 0.21 ms, found 0 plugins.
Preloading 0 native plugins for Editor in 0.00 ms.
Unloading 1123 Unused Serialized files (Serialized files now loaded: 0)
System memory in use before: 72.8 MB.
System memory in use after: 72.9 MB.

Unloading 5 unused Assets to reduce memory usage. Loaded Objects now: 1686.
Total: 1.905800 ms (FindLiveObjects: 0.192400 ms CreateObjectMapping: 0.042100 ms MarkObjects: 1.577400 ms  DeleteObjects: 0.093000 ms)

========================================================================
Received Import Request.
  Time since last request: 1835.747386 seconds.
  path: ProjectSettings/TagManager.asset
  artifactKey: Guid(00000000000000003000000000000000) Importer(815301076,1909f56bfc062723c751e8b465ee728b)
Start importing ProjectSettings/TagManager.asset using Guid(00000000000000003000000000000000) Importer(815301076,1909f56bfc062723c751e8b465ee728b)  -> (artifact id: '9274ce4079a5137dd04f6e6c4d809583') in 0.023786 seconds
  Import took 0.026168 seconds .

========================================================================
Received Prepare
Registering precompiled user dll's ...
Registered in 0.000925 seconds.
Begin MonoManager ReloadAssembly
Native extension for WindowsStandalone target not found
Refreshing native plugins compatible for Editor in 0.26 ms, found 0 plugins.
Preloading 0 native plugins for Editor in 0.00 ms.
Invoked RoslynAnalysisRunner static constructor.
RoslynAnalysisRunner will not be running.
RoslynAnalysisRunner has terminated.
Mono: successfully reloaded assembly
- Completed reload, in  0.801 seconds
Platform modules already initialized, skipping
Refreshing native plugins compatible for Editor in 0.32 ms, found 0 plugins.
Preloading 0 native plugins for Editor in 0.00 ms.
Unloading 1123 Unused Serialized files (Serialized files now loaded: 0)
System memory in use before: 72.9 MB.
System memory in use after: 72.9 MB.

Unloading 6 unused Assets to reduce memory usage. Loaded Objects now: 1689.
Total: 1.781000 ms (FindLiveObjects: 0.144500 ms CreateObjectMapping: 0.035400 ms MarkObjects: 1.514400 ms  DeleteObjects: 0.086100 ms)

========================================================================
Received Prepare
Registering precompiled user dll's ...
Registered in 0.000821 seconds.
Begin MonoManager ReloadAssembly
Native extension for WindowsStandalone target not found
Refreshing native plugins compatible for Editor in 0.21 ms, found 0 plugins.
Preloading 0 native plugins for Editor in 0.00 ms.
Invoked RoslynAnalysisRunner static constructor.
RoslynAnalysisRunner will not be running.
RoslynAnalysisRunner has terminated.
Mono: successfully reloaded assembly
- Completed reload, in  0.791 seconds
Platform modules already initialized, skipping
Refreshing native plugins compatible for Editor in 0.27 ms, found 0 plugins.
Preloading 0 native plugins for Editor in 0.00 ms.
Unloading 1123 Unused Serialized files (Serialized files now loaded: 0)
System memory in use before: 72.9 MB.
System memory in use after: 72.9 MB.

Unloading 5 unused Assets to reduce memory usage. Loaded Objects now: 1692.
Total: 1.899600 ms (FindLiveObjects: 0.208400 ms CreateObjectMapping: 0.037800 ms MarkObjects: 1.544300 ms  DeleteObjects: 0.107800 ms)

========================================================================
Received Prepare
Registering precompiled user dll's ...
Registered in 0.001037 seconds.
Begin MonoManager ReloadAssembly
Native extension for WindowsStandalone target not found
Refreshing native plugins compatible for Editor in 0.20 ms, found 0 plugins.
Preloading 0 native plugins for Editor in 0.00 ms.
Invoked RoslynAnalysisRunner static constructor.
RoslynAnalysisRunner will not be running.
RoslynAnalysisRunner has terminated.
Mono: successfully reloaded assembly
- Completed reload, in  0.867 seconds
Platform modules already initialized, skipping
Refreshing native plugins compatible for Editor in 0.38 ms, found 0 plugins.
Preloading 0 native plugins for Editor in 0.00 ms.
Unloading 1123 Unused Serialized files (Serialized files now loaded: 0)
System memory in use before: 72.9 MB.
System memory in use after: 72.9 MB.

Unloading 5 unused Assets to reduce memory usage. Loaded Objects now: 1695.
Total: 1.907700 ms (FindLiveObjects: 0.231800 ms CreateObjectMapping: 0.031900 ms MarkObjects: 1.519300 ms  DeleteObjects: 0.123900 ms)

========================================================================
Received Prepare
Registering precompiled user dll's ...
Registered in 0.001048 seconds.
Begin MonoManager ReloadAssembly
Native extension for WindowsStandalone target not found
Refreshing native plugins compatible for Editor in 0.22 ms, found 0 plugins.
Preloading 0 native plugins for Editor in 0.00 ms.
Invoked RoslynAnalysisRunner static constructor.
RoslynAnalysisRunner will not be running.
RoslynAnalysisRunner has terminated.
Mono: successfully reloaded assembly
- Completed reload, in  0.827 seconds
Platform modules already initialized, skipping
Refreshing native plugins compatible for Editor in 0.19 ms, found 0 plugins.
Preloading 0 native plugins for Editor in 0.00 ms.
Unloading 1123 Unused Serialized files (Serialized files now loaded: 0)
System memory in use before: 72.9 MB.
System memory in use after: 72.9 MB.

Unloading 5 unused Assets to reduce memory usage. Loaded Objects now: 1698.
Total: 2.339700 ms (FindLiveObjects: 0.238200 ms CreateObjectMapping: 0.078100 ms MarkObjects: 1.909800 ms  DeleteObjects: 0.097400 ms)

========================================================================
Received Prepare
Registering precompiled user dll's ...
Registered in 0.000879 seconds.
Begin MonoManager ReloadAssembly
Native extension for WindowsStandalone target not found
Refreshing native plugins compatible for Editor in 0.19 ms, found 0 plugins.
Preloading 0 native plugins for Editor in 0.00 ms.
Invoked RoslynAnalysisRunner static constructor.
RoslynAnalysisRunner will not be running.
RoslynAnalysisRunner has terminated.
Mono: successfully reloaded assembly
- Completed reload, in  0.897 seconds
Platform modules already initialized, skipping
Refreshing native plugins compatible for Editor in 0.21 ms, found 0 plugins.
Preloading 0 native plugins for Editor in 0.00 ms.
Unloading 1123 Unused Serialized files (Serialized files now loaded: 0)
System memory in use before: 72.9 MB.
System memory in use after: 73.0 MB.

Unloading 5 unused Assets to reduce memory usage. Loaded Objects now: 1701.
Total: 2.088300 ms (FindLiveObjects: 0.169200 ms CreateObjectMapping: 0.033700 ms MarkObjects: 1.787800 ms  DeleteObjects: 0.096700 ms)

========================================================================
Received Prepare
Registering precompiled user dll's ...
Registered in 0.001172 seconds.
Begin MonoManager ReloadAssembly
Native extension for WindowsStandalone target not found
Refreshing native plugins compatible for Editor in 0.20 ms, found 0 plugins.
Preloading 0 native plugins for Editor in 0.00 ms.
Invoked RoslynAnalysisRunner static constructor.
RoslynAnalysisRunner will not be running.
RoslynAnalysisRunner has terminated.
Mono: successfully reloaded assembly
- Completed reload, in  0.864 seconds
Platform modules already initialized, skipping
Refreshing native plugins compatible for Editor in 0.19 ms, found 0 plugins.
Preloading 0 native plugins for Editor in 0.00 ms.
Unloading 1123 Unused Serialized files (Serialized files now loaded: 0)
System memory in use before: 72.9 MB.
System memory in use after: 73.0 MB.

Unloading 5 unused Assets to reduce memory usage. Loaded Objects now: 1704.
Total: 1.938100 ms (FindLiveObjects: 0.316600 ms CreateObjectMapping: 0.062300 ms MarkObjects: 1.448800 ms  DeleteObjects: 0.109000 ms)

AssetImportWorkerClient::OnTransportError - code=2 error=End of file
